[13:10:38] [Dimension-Data-IO-Worker-3/ERROR]: Could not save data to weather.dat
java.nio.file.NoSuchFileException: ./world/dimensions/minecraft/overworld/data/minecraft
	at java.base/sun.nio.fs.UnixException.translateToIOException(UnixException.java:92) ~[?:?]
	at java.base/sun.nio.fs.UnixException.rethrowAsIOException(UnixException.java:106) ~[?:?]
	at java.base/sun.nio.fs.UnixException.rethrowAsIOException(UnixException.java:111) ~[?:?]
	at java.base/sun.nio.fs.UnixPath.toRealPath(UnixPath.java:856) ~[?:?]
	at net.minecraft.util.FileUtil.createDirectoriesSafe(FileUtil.java:174) ~[paper-26.1.2.jar:26.1.2-64-2186e1e]
	at net.minecraft.world.level.storage.SavedDataStorage.tryWrite(SavedDataStorage.java:213) ~[paper-26.1.2.jar:26.1.2-64-2186e1e]
	at net.minecraft.world.level.storage.SavedDataStorage.lambda$scheduleSave$2(SavedDataStorage.java:180) ~[paper-26.1.2.jar:26.1.2-64-2186e1e]
	at java.base/java.util.concurrent.CompletableFuture$AsyncRun.run(CompletableFuture.java:1825) ~[?:?]
	at java.base/java.util.concurrent.ThreadPoolExecutor.runWorker(ThreadPoolExecutor.java:1090) ~[?:?]
	at java.base/java.util.concurrent.ThreadPoolExecutor$Worker.run(ThreadPoolExecutor.java:614) ~[?:?]
	at java.base/java.lang.Thread.run(Thread.java:1474) ~[?:?]
[13:10:38] [Dimension-Data-IO-Worker-4/ERROR]: Could not save data to world_clocks.dat
java.nio.file.NoSuchFileException: ./world/dimensions/minecraft/overworld/data/minecraft
	at java.base/sun.nio.fs.UnixException.translateToIOException(UnixException.java:92) ~[?:?]
	at java.base/sun.nio.fs.UnixException.rethrowAsIOException(UnixException.java:106) ~[?:?]
	at java.base/sun.nio.fs.UnixException.rethrowAsIOException(UnixException.java:111) ~[?:?]
	at java.base/sun.nio.fs.UnixPath.toRealPath(UnixPath.java:856) ~[?:?]
	at net.minecraft.util.FileUtil.createDirectoriesSafe(FileUtil.java:174) ~[paper-26.1.2.jar:26.1.2-64-2186e1e]
	at net.minecraft.world.level.storage.SavedDataStorage.tryWrite(SavedDataStorage.java:213) ~[paper-26.1.2.jar:26.1.2-64-2186e1e]
	at net.minecraft.world.level.storage.SavedDataStorage.lambda$scheduleSave$2(SavedDataStorage.java:180) ~[paper-26.1.2.jar:26.1.2-64-2186e1e]
	at java.base/java.util.concurrent.CompletableFuture$AsyncRun.run(CompletableFuture.java:1825) ~[?:?]
	at java.base/java.util.concurrent.ThreadPoolExecutor.runWorker(ThreadPoolExecutor.java:1090) ~[?:?]
	at java.base/java.util.concurrent.ThreadPoolExecutor$Worker.run(ThreadPoolExecutor.java:614) ~[?:?]
	at java.base/java.lang.Thread.run(Thread.java:1474) ~[?:?]
[13:10:38] [Dimension-Data-IO-Worker-2/ERROR]: Could not save data to chunk_tickets.dat
java.nio.file.NoSuchFileException: ./world/dimensions/minecraft/overworld/data/minecraft
	at java.base/sun.nio.fs.UnixException.translateToIOException(UnixException.java:92) ~[?:?]
	at java.base/sun.nio.fs.UnixException.rethrowAsIOException(UnixException.java:106) ~[?:?]
	at java.base/sun.nio.fs.UnixException.rethrowAsIOException(UnixException.java:111) ~[?:?]
	at java.base/sun.nio.fs.UnixPath.toRealPath(UnixPath.java:856) ~[?:?]
	at net.minecraft.util.FileUtil.createDirectoriesSafe(FileUtil.java:174) ~[paper-26.1.2.jar:26.1.2-64-2186e1e]
	at net.minecraft.world.level.storage.SavedDataStorage.tryWrite(SavedDataStorage.java:213) ~[paper-26.1.2.jar:26.1.2-64-2186e1e]
	at net.minecraft.world.level.storage.SavedDataStorage.lambda$scheduleSave$2(SavedDataStorage.java:180) ~[paper-26.1.2.jar:26.1.2-64-2186e1e]
	at java.base/java.util.concurrent.CompletableFuture$AsyncRun.run(CompletableFuture.java:1825) ~[?:?]
	at java.base/java.util.concurrent.ThreadPoolExecutor.runWorker(ThreadPoolExecutor.java:1090) ~[?:?]
	at java.base/java.util.concurrent.ThreadPoolExecutor$Worker.run(ThreadPoolExecutor.java:614) ~[?:?]
	at java.base/java.lang.Thread.run(Thread.java:1474) ~[?:?]
[13:10:38] [Dimension-Data-IO-Worker-1/ERROR]: Could not save data to raids.dat
java.nio.file.NoSuchFileException: ./world/dimensions/minecraft/overworld/data/minecraft
	at java.base/sun.nio.fs.UnixException.translateToIOException(UnixException.java:92) ~[?:?]
	at java.base/sun.nio.fs.UnixException.rethrowAsIOException(UnixException.java:106) ~[?:?]
	at java.base/sun.nio.fs.UnixException.rethrowAsIOException(UnixException.java:111) ~[?:?]
	at java.base/sun.nio.fs.UnixPath.toRealPath(UnixPath.java:856) ~[?:?]
	at net.minecraft.util.FileUtil.createDirectoriesSafe(FileUtil.java:174) ~[paper-26.1.2.jar:26.1.2-64-2186e1e]
	at net.minecraft.world.level.storage.SavedDataStorage.tryWrite(SavedDataStorage.java:213) ~[paper-26.1.2.jar:26.1.2-64-2186e1e]
	at net.minecraft.world.level.storage.SavedDataStorage.lambda$scheduleSave$2(SavedDataStorage.java:180) ~[paper-26.1.2.jar:26.1.2-64-2186e1e]
	at java.base/java.util.concurrent.CompletableFuture$AsyncRun.run(CompletableFuture.java:1825) ~[?:?]
	at java.base/java.util.concurrent.ThreadPoolExecutor.runWorker(ThreadPoolExecutor.java:1090) ~[?:?]
	at java.base/java.util.concurrent.ThreadPoolExecutor$Worker.run(ThreadPoolExecutor.java:614) ~[?:?]
	at java.base/java.lang.Thread.run(Thread.java:1474) ~[?:?]
[13:10:38] [Dimension-Data-IO-Worker-4/ERROR]: Could not save data to chunk_tickets.dat
java.nio.file.NoSuchFileException: ./world/dimensions/minecraft/the_nether/data/minecraft
	at java.base/sun.nio.fs.UnixException.translateToIOException(UnixException.java:92) ~[?:?]
	at java.base/sun.nio.fs.UnixException.rethrowAsIOException(UnixException.java:106) ~[?:?]
	at java.base/sun.nio.fs.UnixException.rethrowAsIOException(UnixException.java:111) ~[?:?]
	at java.base/sun.nio.fs.UnixPath.toRealPath(UnixPath.java:856) ~[?:?]
	at net.minecraft.util.FileUtil.createDirectoriesSafe(FileUtil.java:174) ~[paper-26.1.2.jar:26.1.2-64-2186e1e]
	at net.minecraft.world.level.storage.SavedDataStorage.tryWrite(SavedDataStorage.java:213) ~[paper-26.1.2.jar:26.1.2-64-2186e1e]
	at net.minecraft.world.level.storage.SavedDataStorage.lambda$scheduleSave$2(SavedDataStorage.java:180) ~[paper-26.1.2.jar:26.1.2-64-2186e1e]
	at java.base/java.util.concurrent.CompletableFuture$AsyncRun.run(CompletableFuture.java:1825) ~[?:?]
	at java.base/java.util.concurrent.ThreadPoolExecutor.runWorker(ThreadPoolExecutor.java:1090) ~[?:?]
	at java.base/java.util.concurrent.ThreadPoolExecutor$Worker.run(ThreadPoolExecutor.java:614) ~[?:?]
	at java.base/java.lang.Thread.run(Thread.java:1474) ~[?:?]
[13:10:38] [Dimension-Data-IO-Worker-1/ERROR]: Could not save data to raids.dat
java.nio.file.NoSuchFileException: ./world/dimensions/minecraft/the_nether/data/minecraft
	at java.base/sun.nio.fs.UnixException.translateToIOException(UnixException.java:92) ~[?:?]
	at java.base/sun.nio.fs.UnixException.rethrowAsIOException(UnixException.java:106) ~[?:?]
	at java.base/sun.nio.fs.UnixException.rethrowAsIOException(UnixException.java:111) ~[?:?]
	at java.base/sun.nio.fs.UnixPath.toRealPath(UnixPath.java:856) ~[?:?]
	at net.minecraft.util.FileUtil.createDirectoriesSafe(FileUtil.java:174) ~[paper-26.1.2.jar:26.1.2-64-2186e1e]
	at net.minecraft.world.level.storage.SavedDataStorage.tryWrite(SavedDataStorage.java:213) ~[paper-26.1.2.jar:26.1.2-64-2186e1e]
	at net.minecraft.world.level.storage.SavedDataStorage.lambda$scheduleSave$2(SavedDataStorage.java:180) ~[paper-26.1.2.jar:26.1.2-64-2186e1e]
	at java.base/java.util.concurrent.CompletableFuture$AsyncRun.run(CompletableFuture.java:1825) ~[?:?]
	at java.base/java.util.concurrent.ThreadPoolExecutor.runWorker(ThreadPoolExecutor.java:1090) ~[?:?]
	at java.base/java.util.concurrent.ThreadPoolExecutor$Worker.run(ThreadPoolExecutor.java:614) ~[?:?]
	at java.base/java.lang.Thread.run(Thread.java:1474) ~[?:?]
[13:10:38] [Dimension-Data-IO-Worker-4/ERROR]: Could not save data to level_overrides.dat
java.nio.file.NoSuchFileException: ./world/dimensions/minecraft/the_nether/data/paper
	at java.base/sun.nio.fs.UnixException.translateToIOException(UnixException.java:92) ~[?:?]
	at java.base/sun.nio.fs.UnixException.rethrowAsIOException(UnixException.java:106) ~[?:?]
	at java.base/sun.nio.fs.UnixException.rethrowAsIOException(UnixException.java:111) ~[?:?]
	at java.base/sun.nio.fs.UnixPath.toRealPath(UnixPath.java:856) ~[?:?]
	at net.minecraft.util.FileUtil.createDirectoriesSafe(FileUtil.java:174) ~[paper-26.1.2.jar:26.1.2-64-2186e1e]
	at net.minecraft.world.level.storage.SavedDataStorage.tryWrite(SavedDataStorage.java:213) ~[paper-26.1.2.jar:26.1.2-64-2186e1e]
	at net.minecraft.world.level.storage.SavedDataStorage.lambda$scheduleSave$2(SavedDataStorage.java:180) ~[paper-26.1.2.jar:26.1.2-64-2186e1e]
	at java.base/java.util.concurrent.CompletableFuture$AsyncRun.run(CompletableFuture.java:1825) ~[?:?]
	at java.base/java.util.concurrent.ThreadPoolExecutor.runWorker(ThreadPoolExecutor.java:1090) ~[?:?]
	at java.base/java.util.concurrent.ThreadPoolExecutor$Worker.run(ThreadPoolExecutor.java:614) ~[?:?]
	at java.base/java.lang.Thread.run(Thread.java:1474) ~[?:?]
[13:10:38] [Dimension-Data-IO-Worker-1/ERROR]: Could not save data to chunk_tickets.dat
java.nio.file.NoSuchFileException: ./world/dimensions/minecraft/the_end/data/minecraft
	at java.base/sun.nio.fs.UnixException.translateToIOException(UnixException.java:92) ~[?:?]
	at java.base/sun.nio.fs.UnixException.rethrowAsIOException(UnixException.java:106) ~[?:?]
	at java.base/sun.nio.fs.UnixException.rethrowAsIOException(UnixException.java:111) ~[?:?]
	at java.base/sun.nio.fs.UnixPath.toRealPath(UnixPath.java:856) ~[?:?]
	at net.minecraft.util.FileUtil.createDirectoriesSafe(FileUtil.java:174) ~[paper-26.1.2.jar:26.1.2-64-2186e1e]
	at net.minecraft.world.level.storage.SavedDataStorage.tryWrite(SavedDataStorage.java:213) ~[paper-26.1.2.jar:26.1.2-64-2186e1e]
	at net.minecraft.world.level.storage.SavedDataStorage.lambda$scheduleSave$2(SavedDataStorage.java:180) ~[paper-26.1.2.jar:26.1.2-64-2186e1e]
	at java.base/java.util.concurrent.CompletableFuture$AsyncRun.run(CompletableFuture.java:1825) ~[?:?]
	at java.base/java.util.concurrent.ThreadPoolExecutor.runWorker(ThreadPoolExecutor.java:1090) ~[?:?]
	at java.base/java.util.concurrent.ThreadPoolExecutor$Worker.run(ThreadPoolExecutor.java:614) ~[?:?]
	at java.base/java.lang.Thread.run(Thread.java:1474) ~[?:?]
[13:10:38] [Dimension-Data-IO-Worker-3/ERROR]: Could not save data to level_overrides.dat
java.nio.file.NoSuchFileException: ./world/dimensions/minecraft/overworld/data/paper
	at java.base/sun.nio.fs.UnixException.translateToIOException(UnixException.java:92) ~[?:?]
	at java.base/sun.nio.fs.UnixException.rethrowAsIOException(UnixException.java:106) ~[?:?]
	at java.base/sun.nio.fs.UnixException.rethrowAsIOException(UnixException.java:111) ~[?:?]
	at java.base/sun.nio.fs.UnixPath.toRealPath(UnixPath.java:856) ~[?:?]
	at net.minecraft.util.FileUtil.createDirectoriesSafe(FileUtil.java:174) ~[paper-26.1.2.jar:26.1.2-64-2186e1e]
	at net.minecraft.world.level.storage.SavedDataStorage.tryWrite(SavedDataStorage.java:213) ~[paper-26.1.2.jar:26.1.2-64-2186e1e]
	at net.minecraft.world.level.storage.SavedDataStorage.lambda$scheduleSave$2(SavedDataStorage.java:180) ~[paper-26.1.2.jar:26.1.2-64-2186e1e]
	at java.base/java.util.concurrent.CompletableFuture$AsyncRun.run(CompletableFuture.java:1825) ~[?:?]
	at java.base/java.util.concurrent.ThreadPoolExecutor.runWorker(ThreadPoolExecutor.java:1090) ~[?:?]
	at java.base/java.util.concurrent.ThreadPoolExecutor$Worker.run(ThreadPoolExecutor.java:614) ~[?:?]
	at java.base/java.lang.Thread.run(Thread.java:1474) ~[?:?]
[13:10:38] [Dimension-Data-IO-Worker-3/ERROR]: Could not save data to level_overrides.dat
java.nio.file.NoSuchFileException: ./world/dimensions/minecraft/the_end/data/paper
	at java.base/sun.nio.fs.UnixException.translateToIOException(UnixException.java:92) ~[?:?]
	at java.base/sun.nio.fs.UnixException.rethrowAsIOException(UnixException.java:106) ~[?:?]
	at java.base/sun.nio.fs.UnixException.rethrowAsIOException(UnixException.java:111) ~[?:?]
	at java.base/sun.nio.fs.UnixPath.toRealPath(UnixPath.java:856) ~[?:?]
	at net.minecraft.util.FileUtil.createDirectoriesSafe(FileUtil.java:174) ~[paper-26.1.2.jar:26.1.2-64-2186e1e]
	at net.minecraft.world.level.storage.SavedDataStorage.tryWrite(SavedDataStorage.java:213) ~[paper-26.1.2.jar:26.1.2-64-2186e1e]
	at net.minecraft.world.level.storage.SavedDataStorage.lambda$scheduleSave$2(SavedDataStorage.java:180) ~[paper-26.1.2.jar:26.1.2-64-2186e1e]
	at java.base/java.util.concurrent.CompletableFuture$AsyncRun.run(CompletableFuture.java:1825) ~[?:?]
	at java.base/java.util.concurrent.ThreadPoolExecutor.runWorker(ThreadPoolExecutor.java:1090) ~[?:?]
	at java.base/java.util.concurrent.ThreadPoolExecutor$Worker.run(ThreadPoolExecutor.java:614) ~[?:?]
	at java.base/java.lang.Thread.run(Thread.java:1474) ~[?:?]
[13:10:38] [Dimension-Data-IO-Worker-4/ERROR]: Could not save data to world_clocks.dat
java.nio.file.NoSuchFileException: ./world/dimensions/minecraft/the_end/data/minecraft
	at java.base/sun.nio.fs.UnixException.translateToIOException(UnixException.java:92) ~[?:?]
	at java.base/sun.nio.fs.UnixException.rethrowAsIOException(UnixException.java:106) ~[?:?]
	at java.base/sun.nio.fs.UnixException.rethrowAsIOException(UnixException.java:111) ~[?:?]
	at java.base/sun.nio.fs.UnixPath.toRealPath(UnixPath.java:856) ~[?:?]
	at net.minecraft.util.FileUtil.createDirectoriesSafe(FileUtil.java:174) ~[paper-26.1.2.jar:26.1.2-64-2186e1e]
	at net.minecraft.world.level.storage.SavedDataStorage.tryWrite(SavedDataStorage.java:213) ~[paper-26.1.2.jar:26.1.2-64-2186e1e]
	at net.minecraft.world.level.storage.SavedDataStorage.lambda$scheduleSave$2(SavedDataStorage.java:180) ~[paper-26.1.2.jar:26.1.2-64-2186e1e]
	at java.base/java.util.concurrent.CompletableFuture$AsyncRun.run(CompletableFuture.java:1825) ~[?:?]
	at java.base/java.util.concurrent.ThreadPoolExecutor.runWorker(ThreadPoolExecutor.java:1090) ~[?:?]
	at java.base/java.util.concurrent.ThreadPoolExecutor$Worker.run(ThreadPoolExecutor.java:614) ~[?:?]
	at java.base/java.lang.Thread.run(Thread.java:1474) ~[?:?]
[13:10:38] [Dimension-Data-IO-Worker-2/ERROR]: Could not save data to world_clocks.dat
java.nio.file.NoSuchFileException: ./world/dimensions/minecraft/the_nether/data/minecraft
	at java.base/sun.nio.fs.UnixException.translateToIOException(UnixException.java:92) ~[?:?]
	at java.base/sun.nio.fs.UnixException.rethrowAsIOException(UnixException.java:106) ~[?:?]
	at java.base/sun.nio.fs.UnixException.rethrowAsIOException(UnixException.java:111) ~[?:?]
	at java.base/sun.nio.fs.UnixPath.toRealPath(UnixPath.java:856) ~[?:?]
	at net.minecraft.util.FileUtil.createDirectoriesSafe(FileUtil.java:174) ~[paper-26.1.2.jar:26.1.2-64-2186e1e]
	at net.minecraft.world.level.storage.SavedDataStorage.tryWrite(SavedDataStorage.java:213) ~[paper-26.1.2.jar:26.1.2-64-2186e1e]
	at net.minecraft.world.level.storage.SavedDataStorage.lambda$scheduleSave$2(SavedDataStorage.java:180) ~[paper-26.1.2.jar:26.1.2-64-2186e1e]
	at java.base/java.util.concurrent.CompletableFuture$AsyncRun.run(CompletableFuture.java:1825) ~[?:?]
	at java.base/java.util.concurrent.ThreadPoolExecutor.runWorker(ThreadPoolExecutor.java:1090) ~[?:?]
	at java.base/java.util.concurrent.ThreadPoolExecutor$Worker.run(ThreadPoolExecutor.java:614) ~[?:?]
	at java.base/java.lang.Thread.run(Thread.java:1474) ~[?:?]
[13:10:38] [Dimension-Data-IO-Worker-1/ERROR]: Could not save data to raids.dat
java.nio.file.NoSuchFileException: ./world/dimensions/minecraft/the_end/data/minecraft
	at java.base/sun.nio.fs.UnixException.translateToIOException(UnixException.java:92) ~[?:?]
	at java.base/sun.nio.fs.UnixException.rethrowAsIOException(UnixException.java:106) ~[?:?]
	at java.base/sun.nio.fs.UnixException.rethrowAsIOException(UnixException.java:111) ~[?:?]
	at java.base/sun.nio.fs.UnixPath.toRealPath(UnixPath.java:856) ~[?:?]
	at net.minecraft.util.FileUtil.createDirectoriesSafe(FileUtil.java:174) ~[paper-26.1.2.jar:26.1.2-64-2186e1e]
	at net.minecraft.world.level.storage.SavedDataStorage.tryWrite(SavedDataStorage.java:213) ~[paper-26.1.2.jar:26.1.2-64-2186e1e]
	at net.minecraft.world.level.storage.SavedDataStorage.lambda$scheduleSave$2(SavedDataStorage.java:180) ~[paper-26.1.2.jar:26.1.2-64-2186e1e]
	at java.base/java.util.concurrent.CompletableFuture$AsyncRun.run(CompletableFuture.java:1825) ~[?:?]
	at java.base/java.util.concurrent.ThreadPoolExecutor.runWorker(ThreadPoolExecutor.java:1090) ~[?:?]
	at java.base/java.util.concurrent.ThreadPoolExecutor$Worker.run(ThreadPoolExecutor.java:614) ~[?:?]
	at java.base/java.lang.Thread.run(Thread.java:1474) ~[?:?]
[13:15:19] [Server console handler/ERROR]: Caught previously unhandled exception :
java.io.IOError: java.io.IOException: Input/output error
	at org.jline.keymap.BindingReader.readCharacter(BindingReader.java:170) ~[jline-reader-3.20.0.jar:?]
	at org.jline.keymap.BindingReader.readBinding(BindingReader.java:110) ~[jline-reader-3.20.0.jar:?]
	at org.jline.keymap.BindingReader.readBinding(BindingReader.java:61) ~[jline-reader-3.20.0.jar:?]
	at org.jline.reader.impl.LineReaderImpl.doReadBinding(LineReaderImpl.java:923) ~[jline-reader-3.20.0.jar:?]
	at org.jline.reader.impl.LineReaderImpl.readBinding(LineReaderImpl.java:956) ~[jline-reader-3.20.0.jar:?]
	at org.jline.reader.impl.LineReaderImpl.readLine(LineReaderImpl.java:651) ~[jline-reader-3.20.0.jar:?]
	at org.jline.reader.impl.LineReaderImpl.readLine(LineReaderImpl.java:468) ~[jline-reader-3.20.0.jar:?]
	at net.minecrell.terminalconsole.SimpleTerminalConsole.readCommands(SimpleTerminalConsole.java:158) ~[terminalconsoleappender-1.3.0.jar:?]
	at net.minecrell.terminalconsole.SimpleTerminalConsole.start(SimpleTerminalConsole.java:141) ~[terminalconsoleappender-1.3.0.jar:?]
	at net.minecraft.server.dedicated.DedicatedServer$1.run(DedicatedServer.java:219) ~[paper-26.1.2.jar:26.1.2-64-2186e1e]
Caused by: java.io.IOException: Input/output error
	at java.base/java.io.FileInputStream.read0(Native Method) ~[?:?]
	at java.base/java.io.FileInputStream.read(FileInputStream.java:201) ~[?:?]
	at java.base/java.io.FilterInputStream.read(FilterInputStream.java:71) ~[?:?]
	at org.jline.terminal.impl.AbstractPty$1.read(AbstractPty.java:58) ~[jline-terminal-3.27.1.jar:?]
	at org.jline.terminal.impl.AbstractPty$PtyInputStream.read(AbstractPty.java:124) ~[jline-terminal-3.27.1.jar:?]
	at org.jline.utils.NonBlockingInputStream.read(NonBlockingInputStream.java:62) ~[jline-terminal-3.27.1.jar:?]
	at org.jline.utils.NonBlocking$NonBlockingInputStreamReader.read(NonBlocking.java:157) ~[jline-terminal-3.27.1.jar:?]
	at org.jline.utils.NonBlockingReader.read(NonBlockingReader.java:56) ~[jline-terminal-3.27.1.jar:?]
	at org.jline.keymap.BindingReader.readCharacter(BindingReader.java:160) ~[jline-reader-3.20.0.jar:?]
	... 9 more
[13:15:19] [Server thread/INFO]: Stopping server
[13:15:19] [Server thread/INFO]: [MinecraftScratch] Disabling MinecraftScratch v1.1
[13:15:19] [Server thread/INFO]: [MinecraftScratch] PLUGIN DISABLED
[13:15:19] [Server thread/INFO]: Saving players
[13:15:19] [Server thread/INFO]: Saving worlds
[13:15:19] [Server thread/INFO]: Saving chunks for level 'ServerLevel[world]'/minecraft:overworld
[13:15:19] [Dimension-Data-IO-Worker-1/ERROR]: Could not save data to weather.dat
java.nio.file.NoSuchFileException: ./world/dimensions/minecraft/overworld/data/minecraft
	at java.base/sun.nio.fs.UnixException.translateToIOException(UnixException.java:92) ~[?:?]
	at java.base/sun.nio.fs.UnixException.rethrowAsIOException(UnixException.java:106) ~[?:?]
	at java.base/sun.nio.fs.UnixException.rethrowAsIOException(UnixException.java:111) ~[?:?]
	at java.base/sun.nio.fs.UnixPath.toRealPath(UnixPath.java:856) ~[?:?]
	at net.minecraft.util.FileUtil.createDirectoriesSafe(FileUtil.java:174) ~[paper-26.1.2.jar:26.1.2-64-2186e1e]
	at net.minecraft.world.level.storage.SavedDataStorage.tryWrite(SavedDataStorage.java:213) ~[paper-26.1.2.jar:26.1.2-64-2186e1e]
	at net.minecraft.world.level.storage.SavedDataStorage.lambda$scheduleSave$2(SavedDataStorage.java:180) ~[paper-26.1.2.jar:26.1.2-64-2186e1e]
	at java.base/java.util.concurrent.CompletableFuture$AsyncRun.run(CompletableFuture.java:1825) ~[?:?]
	at java.base/java.util.concurrent.ThreadPoolExecutor.runWorker(ThreadPoolExecutor.java:1090) ~[?:?]
	at java.base/java.util.concurrent.ThreadPoolExecutor$Worker.run(ThreadPoolExecutor.java:614) ~[?:?]
	at java.base/java.lang.Thread.run(Thread.java:1474) ~[?:?]
[13:15:19] [Dimension-Data-IO-Worker-3/ERROR]: Could not save data to chunk_tickets.dat
java.nio.file.NoSuchFileException: ./world/dimensions/minecraft/overworld/data/minecraft
	at java.base/sun.nio.fs.UnixException.translateToIOException(UnixException.java:92) ~[?:?]
	at java.base/sun.nio.fs.UnixException.rethrowAsIOException(UnixException.java:106) ~[?:?]
	at java.base/sun.nio.fs.UnixException.rethrowAsIOException(UnixException.java:111) ~[?:?]
	at java.base/sun.nio.fs.UnixPath.toRealPath(UnixPath.java:856) ~[?:?]
	at net.minecraft.util.FileUtil.createDirectoriesSafe(FileUtil.java:174) ~[paper-26.1.2.jar:26.1.2-64-2186e1e]
	at net.minecraft.world.level.storage.SavedDataStorage.tryWrite(SavedDataStorage.java:213) ~[paper-26.1.2.jar:26.1.2-64-2186e1e]
	at net.minecraft.world.level.storage.SavedDataStorage.lambda$scheduleSave$2(SavedDataStorage.java:180) ~[paper-26.1.2.jar:26.1.2-64-2186e1e]
	at java.base/java.util.concurrent.CompletableFuture$AsyncRun.run(CompletableFuture.java:1825) ~[?:?]
	at java.base/java.util.concurrent.ThreadPoolExecutor.runWorker(ThreadPoolExecutor.java:1090) ~[?:?]
	at java.base/java.util.concurrent.ThreadPoolExecutor$Worker.run(ThreadPoolExecutor.java:614) ~[?:?]
	at java.base/java.lang.Thread.run(Thread.java:1474) ~[?:?]
[13:15:19] [Dimension-Data-IO-Worker-2/ERROR]: Could not save data to raids.dat
java.nio.file.NoSuchFileException: ./world/dimensions/minecraft/overworld/data/minecraft
	at java.base/sun.nio.fs.UnixException.translateToIOException(UnixException.java:92) ~[?:?]
	at java.base/sun.nio.fs.UnixException.rethrowAsIOException(UnixException.java:106) ~[?:?]
	at java.base/sun.nio.fs.UnixException.rethrowAsIOException(UnixException.java:111) ~[?:?]
	at java.base/sun.nio.fs.UnixPath.toRealPath(UnixPath.java:856) ~[?:?]
	at net.minecraft.util.FileUtil.createDirectoriesSafe(FileUtil.java:174) ~[paper-26.1.2.jar:26.1.2-64-2186e1e]
	at net.minecraft.world.level.storage.SavedDataStorage.tryWrite(SavedDataStorage.java:213) ~[paper-26.1.2.jar:26.1.2-64-2186e1e]
	at net.minecraft.world.level.storage.SavedDataStorage.lambda$scheduleSave$2(SavedDataStorage.java:180) ~[paper-26.1.2.jar:26.1.2-64-2186e1e]
	at java.base/java.util.concurrent.CompletableFuture$AsyncRun.run(CompletableFuture.java:1825) ~[?:?]
	at java.base/java.util.concurrent.ThreadPoolExecutor.runWorker(ThreadPoolExecutor.java:1090) ~[?:?]
	at java.base/java.util.concurrent.ThreadPoolExecutor$Worker.run(ThreadPoolExecutor.java:614) ~[?:?]
	at java.base/java.lang.Thread.run(Thread.java:1474) ~[?:?]
[13:15:19] [Dimension-Data-IO-Worker-4/ERROR]: Could not save data to world_clocks.dat
java.nio.file.NoSuchFileException: ./world/dimensions/minecraft/overworld/data/minecraft
	at java.base/sun.nio.fs.UnixException.translateToIOException(UnixException.java:92) ~[?:?]
	at java.base/sun.nio.fs.UnixException.rethrowAsIOException(UnixException.java:106) ~[?:?]
	at java.base/sun.nio.fs.UnixException.rethrowAsIOException(UnixException.java:111) ~[?:?]
	at java.base/sun.nio.fs.UnixPath.toRealPath(UnixPath.java:856) ~[?:?]
	at net.minecraft.util.FileUtil.createDirectoriesSafe(FileUtil.java:174) ~[paper-26.1.2.jar:26.1.2-64-2186e1e]
	at net.minecraft.world.level.storage.SavedDataStorage.tryWrite(SavedDataStorage.java:213) ~[paper-26.1.2.jar:26.1.2-64-2186e1e]
	at net.minecraft.world.level.storage.SavedDataStorage.lambda$scheduleSave$2(SavedDataStorage.java:180) ~[paper-26.1.2.jar:26.1.2-64-2186e1e]
	at java.base/java.util.concurrent.CompletableFuture$AsyncRun.run(CompletableFuture.java:1825) ~[?:?]
	at java.base/java.util.concurrent.ThreadPoolExecutor.runWorker(ThreadPoolExecutor.java:1090) ~[?:?]
	at java.base/java.util.concurrent.ThreadPoolExecutor$Worker.run(ThreadPoolExecutor.java:614) ~[?:?]
	at java.base/java.lang.Thread.run(Thread.java:1474) ~[?:?]
[13:15:19] [Dimension-Data-IO-Worker-3/ERROR]: Could not save data to level_overrides.dat
java.nio.file.NoSuchFileException: ./world/dimensions/minecraft/overworld/data/paper
	at java.base/sun.nio.fs.UnixException.translateToIOException(UnixException.java:92) ~[?:?]
	at java.base/sun.nio.fs.UnixException.rethrowAsIOException(UnixException.java:106) ~[?:?]
	at java.base/sun.nio.fs.UnixException.rethrowAsIOException(UnixException.java:111) ~[?:?]
	at java.base/sun.nio.fs.UnixPath.toRealPath(UnixPath.java:856) ~[?:?]
	at net.minecraft.util.FileUtil.createDirectoriesSafe(FileUtil.java:174) ~[paper-26.1.2.jar:26.1.2-64-2186e1e]
	at net.minecraft.world.level.storage.SavedDataStorage.tryWrite(SavedDataStorage.java:213) ~[paper-26.1.2.jar:26.1.2-64-2186e1e]
	at net.minecraft.world.level.storage.SavedDataStorage.lambda$scheduleSave$2(SavedDataStorage.java:180) ~[paper-26.1.2.jar:26.1.2-64-2186e1e]
	at java.base/java.util.concurrent.CompletableFuture$AsyncRun.run(CompletableFuture.java:1825) ~[?:?]
	at java.base/java.util.concurrent.ThreadPoolExecutor.runWorker(ThreadPoolExecutor.java:1090) ~[?:?]
	at java.base/java.util.concurrent.ThreadPoolExecutor$Worker.run(ThreadPoolExecutor.java:614) ~[?:?]
	at java.base/java.lang.Thread.run(Thread.java:1474) ~[?:?]
[13:15:19] [Server thread/INFO]: [ChunkHolderManager] Waiting 60s for chunk system to halt for world 'minecraft:overworld'
[13:15:19] [Server thread/INFO]: [ChunkHolderManager] Halted chunk system for world 'minecraft:overworld'
[13:15:19] [Server thread/INFO]: [ChunkHolderManager] Saving all chunkholders for world 'minecraft:overworld'
[13:15:19] [Server thread/INFO]: [ChunkHolderManager] Saved 0 block chunks, 0 entity chunks, 0 poi chunks in world 'minecraft:overworld' in 0.00s
[13:15:19] [Server thread/INFO]: [ChunkHolderManager] Waiting 60s for chunk I/O to halt for world 'minecraft:overworld'
[13:15:19] [Server thread/INFO]: [ChunkHolderManager] Halted I/O scheduler for world 'minecraft:overworld'
[13:15:19] [Server thread/INFO]: Saving chunks for level 'ServerLevel[world]'/minecraft:the_nether
[13:15:19] [Dimension-Data-IO-Worker-1/ERROR]: Could not save data to chunk_tickets.dat
java.nio.file.NoSuchFileException: ./world/dimensions/minecraft/the_nether/data/minecraft
	at java.base/sun.nio.fs.UnixException.translateToIOException(UnixException.java:92) ~[?:?]
	at java.base/sun.nio.fs.UnixException.rethrowAsIOException(UnixException.java:106) ~[?:?]
	at java.base/sun.nio.fs.UnixException.rethrowAsIOException(UnixException.java:111) ~[?:?]
	at java.base/sun.nio.fs.UnixPath.toRealPath(UnixPath.java:856) ~[?:?]
	at net.minecraft.util.FileUtil.createDirectoriesSafe(FileUtil.java:174) ~[paper-26.1.2.jar:26.1.2-64-2186e1e]
	at net.minecraft.world.level.storage.SavedDataStorage.tryWrite(SavedDataStorage.java:213) ~[paper-26.1.2.jar:26.1.2-64-2186e1e]
	at net.minecraft.world.level.storage.SavedDataStorage.lambda$scheduleSave$2(SavedDataStorage.java:180) ~[paper-26.1.2.jar:26.1.2-64-2186e1e]
	at java.base/java.util.concurrent.CompletableFuture$AsyncRun.run(CompletableFuture.java:1825) ~[?:?]
	at java.base/java.util.concurrent.ThreadPoolExecutor.runWorker(ThreadPoolExecutor.java:1090) ~[?:?]
	at java.base/java.util.concurrent.ThreadPoolExecutor$Worker.run(ThreadPoolExecutor.java:614) ~[?:?]
	at java.base/java.lang.Thread.run(Thread.java:1474) ~[?:?]
[13:15:19] [Dimension-Data-IO-Worker-4/ERROR]: Could not save data to raids.dat
java.nio.file.NoSuchFileException: ./world/dimensions/minecraft/the_nether/data/minecraft
	at java.base/sun.nio.fs.UnixException.translateToIOException(UnixException.java:92) ~[?:?]
	at java.base/sun.nio.fs.UnixException.rethrowAsIOException(UnixException.java:106) ~[?:?]
	at java.base/sun.nio.fs.UnixException.rethrowAsIOException(UnixException.java:111) ~[?:?]
	at java.base/sun.nio.fs.UnixPath.toRealPath(UnixPath.java:856) ~[?:?]
	at net.minecraft.util.FileUtil.createDirectoriesSafe(FileUtil.java:174) ~[paper-26.1.2.jar:26.1.2-64-2186e1e]
	at net.minecraft.world.level.storage.SavedDataStorage.tryWrite(SavedDataStorage.java:213) ~[paper-26.1.2.jar:26.1.2-64-2186e1e]
	at net.minecraft.world.level.storage.SavedDataStorage.lambda$scheduleSave$2(SavedDataStorage.java:180) ~[paper-26.1.2.jar:26.1.2-64-2186e1e]
	at java.base/java.util.concurrent.CompletableFuture$AsyncRun.run(CompletableFuture.java:1825) ~[?:?]
	at java.base/java.util.concurrent.ThreadPoolExecutor.runWorker(ThreadPoolExecutor.java:1090) ~[?:?]
	at java.base/java.util.concurrent.ThreadPoolExecutor$Worker.run(ThreadPoolExecutor.java:614) ~[?:?]
	at java.base/java.lang.Thread.run(Thread.java:1474) ~[?:?]
[13:15:19] [Dimension-Data-IO-Worker-2/ERROR]: Could not save data to world_clocks.dat
java.nio.file.NoSuchFileException: ./world/dimensions/minecraft/the_nether/data/minecraft
	at java.base/sun.nio.fs.UnixException.translateToIOException(UnixException.java:92) ~[?:?]
	at java.base/sun.nio.fs.UnixException.rethrowAsIOException(UnixException.java:106) ~[?:?]
	at java.base/sun.nio.fs.UnixException.rethrowAsIOException(UnixException.java:111) ~[?:?]
	at java.base/sun.nio.fs.UnixPath.toRealPath(UnixPath.java:856) ~[?:?]
	at net.minecraft.util.FileUtil.createDirectoriesSafe(FileUtil.java:174) ~[paper-26.1.2.jar:26.1.2-64-2186e1e]
	at net.minecraft.world.level.storage.SavedDataStorage.tryWrite(SavedDataStorage.java:213) ~[paper-26.1.2.jar:26.1.2-64-2186e1e]
	at net.minecraft.world.level.storage.SavedDataStorage.lambda$scheduleSave$2(SavedDataStorage.java:180) ~[paper-26.1.2.jar:26.1.2-64-2186e1e]
	at java.base/java.util.concurrent.CompletableFuture$AsyncRun.run(CompletableFuture.java:1825) ~[?:?]
	at java.base/java.util.concurrent.ThreadPoolExecutor.runWorker(ThreadPoolExecutor.java:1090) ~[?:?]
	at java.base/java.util.concurrent.ThreadPoolExecutor$Worker.run(ThreadPoolExecutor.java:614) ~[?:?]
	at java.base/java.lang.Thread.run(Thread.java:1474) ~[?:?]
[13:15:19] [Dimension-Data-IO-Worker-3/ERROR]: Could not save data to level_overrides.dat
java.nio.file.NoSuchFileException: ./world/dimensions/minecraft/the_nether/data/paper
	at java.base/sun.nio.fs.UnixException.translateToIOException(UnixException.java:92) ~[?:?]
	at java.base/sun.nio.fs.UnixException.rethrowAsIOException(UnixException.java:106) ~[?:?]
	at java.base/sun.nio.fs.UnixException.rethrowAsIOException(UnixException.java:111) ~[?:?]
	at java.base/sun.nio.fs.UnixPath.toRealPath(UnixPath.java:856) ~[?:?]
	at net.minecraft.util.FileUtil.createDirectoriesSafe(FileUtil.java:174) ~[paper-26.1.2.jar:26.1.2-64-2186e1e]
	at net.minecraft.world.level.storage.SavedDataStorage.tryWrite(SavedDataStorage.java:213) ~[paper-26.1.2.jar:26.1.2-64-2186e1e]
	at net.minecraft.world.level.storage.SavedDataStorage.lambda$scheduleSave$2(SavedDataStorage.java:180) ~[paper-26.1.2.jar:26.1.2-64-2186e1e]
	at java.base/java.util.concurrent.CompletableFuture$AsyncRun.run(CompletableFuture.java:1825) ~[?:?]
	at java.base/java.util.concurrent.ThreadPoolExecutor.runWorker(ThreadPoolExecutor.java:1090) ~[?:?]
	at java.base/java.util.concurrent.ThreadPoolExecutor$Worker.run(ThreadPoolExecutor.java:614) ~[?:?]
	at java.base/java.lang.Thread.run(Thread.java:1474) ~[?:?]
[13:15:19] [Server thread/INFO]: [ChunkHolderManager] Waiting 60s for chunk system to halt for world 'minecraft:the_nether'
[13:15:19] [Server thread/INFO]: [ChunkHolderManager] Halted chunk system for world 'minecraft:the_nether'
[13:15:19] [Server thread/INFO]: [ChunkHolderManager] Saving all chunkholders for world 'minecraft:the_nether'
[13:15:19] [Server thread/INFO]: [ChunkHolderManager] Saved 0 block chunks, 0 entity chunks, 0 poi chunks in world 'minecraft:the_nether' in 0.00s
[13:15:19] [Server thread/INFO]: [ChunkHolderManager] Waiting 60s for chunk I/O to halt for world 'minecraft:the_nether'
[13:15:19] [Server thread/INFO]: [ChunkHolderManager] Halted I/O scheduler for world 'minecraft:the_nether'
[13:15:19] [Server thread/INFO]: Saving chunks for level 'ServerLevel[world]'/minecraft:the_end
[13:15:19] [Dimension-Data-IO-Worker-1/ERROR]: Could not save data to chunk_tickets.dat
java.nio.file.NoSuchFileException: ./world/dimensions/minecraft/the_end/data/minecraft
	at java.base/sun.nio.fs.UnixException.translateToIOException(UnixException.java:92) ~[?:?]
	at java.base/sun.nio.fs.UnixException.rethrowAsIOException(UnixException.java:106) ~[?:?]
	at java.base/sun.nio.fs.UnixException.rethrowAsIOException(UnixException.java:111) ~[?:?]
	at java.base/sun.nio.fs.UnixPath.toRealPath(UnixPath.java:856) ~[?:?]
	at net.minecraft.util.FileUtil.createDirectoriesSafe(FileUtil.java:174) ~[paper-26.1.2.jar:26.1.2-64-2186e1e]
	at net.minecraft.world.level.storage.SavedDataStorage.tryWrite(SavedDataStorage.java:213) ~[paper-26.1.2.jar:26.1.2-64-2186e1e]
	at net.minecraft.world.level.storage.SavedDataStorage.lambda$scheduleSave$2(SavedDataStorage.java:180) ~[paper-26.1.2.jar:26.1.2-64-2186e1e]
	at java.base/java.util.concurrent.CompletableFuture$AsyncRun.run(CompletableFuture.java:1825) ~[?:?]
	at java.base/java.util.concurrent.ThreadPoolExecutor.runWorker(ThreadPoolExecutor.java:1090) ~[?:?]
	at java.base/java.util.concurrent.ThreadPoolExecutor$Worker.run(ThreadPoolExecutor.java:614) ~[?:?]
	at java.base/java.lang.Thread.run(Thread.java:1474) ~[?:?]
[13:15:19] [Dimension-Data-IO-Worker-4/ERROR]: Could not save data to world_clocks.dat
java.nio.file.NoSuchFileException: ./world/dimensions/minecraft/the_end/data/minecraft
	at java.base/sun.nio.fs.UnixException.translateToIOException(UnixException.java:92) ~[?:?]
	at java.base/sun.nio.fs.UnixException.rethrowAsIOException(UnixException.java:106) ~[?:?]
	at java.base/sun.nio.fs.UnixException.rethrowAsIOException(UnixException.java:111) ~[?:?]
	at java.base/sun.nio.fs.UnixPath.toRealPath(UnixPath.java:856) ~[?:?]
	at net.minecraft.util.FileUtil.createDirectoriesSafe(FileUtil.java:174) ~[paper-26.1.2.jar:26.1.2-64-2186e1e]
	at net.minecraft.world.level.storage.SavedDataStorage.tryWrite(SavedDataStorage.java:213) ~[paper-26.1.2.jar:26.1.2-64-2186e1e]
	at net.minecraft.world.level.storage.SavedDataStorage.lambda$scheduleSave$2(SavedDataStorage.java:180) ~[paper-26.1.2.jar:26.1.2-64-2186e1e]
	at java.base/java.util.concurrent.CompletableFuture$AsyncRun.run(CompletableFuture.java:1825) ~[?:?]
	at java.base/java.util.concurrent.ThreadPoolExecutor.runWorker(ThreadPoolExecutor.java:1090) ~[?:?]
	at java.base/java.util.concurrent.ThreadPoolExecutor$Worker.run(ThreadPoolExecutor.java:614) ~[?:?]
	at java.base/java.lang.Thread.run(Thread.java:1474) ~[?:?]
[13:15:19] [Dimension-Data-IO-Worker-3/ERROR]: Could not save data to level_overrides.dat
java.nio.file.NoSuchFileException: ./world/dimensions/minecraft/the_end/data/paper
	at java.base/sun.nio.fs.UnixException.translateToIOException(UnixException.java:92) ~[?:?]
	at java.base/sun.nio.fs.UnixException.rethrowAsIOException(UnixException.java:106) ~[?:?]
	at java.base/sun.nio.fs.UnixException.rethrowAsIOException(UnixException.java:111) ~[?:?]
	at java.base/sun.nio.fs.UnixPath.toRealPath(UnixPath.java:856) ~[?:?]
	at net.minecraft.util.FileUtil.createDirectoriesSafe(FileUtil.java:174) ~[paper-26.1.2.jar:26.1.2-64-2186e1e]
	at net.minecraft.world.level.storage.SavedDataStorage.tryWrite(SavedDataStorage.java:213) ~[paper-26.1.2.jar:26.1.2-64-2186e1e]
	at net.minecraft.world.level.storage.SavedDataStorage.lambda$scheduleSave$2(SavedDataStorage.java:180) ~[paper-26.1.2.jar:26.1.2-64-2186e1e]
	at java.base/java.util.concurrent.CompletableFuture$AsyncRun.run(CompletableFuture.java:1825) ~[?:?]
	at java.base/java.util.concurrent.ThreadPoolExecutor.runWorker(ThreadPoolExecutor.java:1090) ~[?:?]
	at java.base/java.util.concurrent.ThreadPoolExecutor$Worker.run(ThreadPoolExecutor.java:614) ~[?:?]
	at java.base/java.lang.Thread.run(Thread.java:1474) ~[?:?]
[13:15:19] [Dimension-Data-IO-Worker-2/ERROR]: Could not save data to raids.dat
java.nio.file.NoSuchFileException: ./world/dimensions/minecraft/the_end/data/minecraft
	at java.base/sun.nio.fs.UnixException.translateToIOException(UnixException.java:92) ~[?:?]
	at java.base/sun.nio.fs.UnixException.rethrowAsIOException(UnixException.java:106) ~[?:?]
	at java.base/sun.nio.fs.UnixException.rethrowAsIOException(UnixException.java:111) ~[?:?]
	at java.base/sun.nio.fs.UnixPath.toRealPath(UnixPath.java:856) ~[?:?]
	at net.minecraft.util.FileUtil.createDirectoriesSafe(FileUtil.java:174) ~[paper-26.1.2.jar:26.1.2-64-2186e1e]
	at net.minecraft.world.level.storage.SavedDataStorage.tryWrite(SavedDataStorage.java:213) ~[paper-26.1.2.jar:26.1.2-64-2186e1e]
	at net.minecraft.world.level.storage.SavedDataStorage.lambda$scheduleSave$2(SavedDataStorage.java:180) ~[paper-26.1.2.jar:26.1.2-64-2186e1e]
	at java.base/java.util.concurrent.CompletableFuture$AsyncRun.run(CompletableFuture.java:1825) ~[?:?]
	at java.base/java.util.concurrent.ThreadPoolExecutor.runWorker(ThreadPoolExecutor.java:1090) ~[?:?]
	at java.base/java.util.concurrent.ThreadPoolExecutor$Worker.run(ThreadPoolExecutor.java:614) ~[?:?]
	at java.base/java.lang.Thread.run(Thread.java:1474) ~[?:?]
[13:15:19] [Server thread/INFO]: [ChunkHolderManager] Waiting 60s for chunk system to halt for world 'minecraft:the_end'
[13:15:19] [Server thread/INFO]: [ChunkHolderManager] Halted chunk system for world 'minecraft:the_end'
[13:15:19] [Server thread/INFO]: [ChunkHolderManager] Saving all chunkholders for world 'minecraft:the_end'
[13:15:19] [Server thread/INFO]: [ChunkHolderManager] Saved 0 block chunks, 0 entity chunks, 0 poi chunks in world 'minecraft:the_end' in 0.00s
[13:15:19] [Server thread/INFO]: [ChunkHolderManager] Waiting 60s for chunk I/O to halt for world 'minecraft:the_end'
[13:15:19] [Server thread/INFO]: [ChunkHolderManager] Halted I/O scheduler for world 'minecraft:the_end'
[13:15:19] [Server thread/INFO]: ThreadedAnvilChunkStorage (world): All chunks are saved
[13:15:19] [Server thread/INFO]: ThreadedAnvilChunkStorage (DIM-1): All chunks are saved
[13:15:19] [Server thread/INFO]: ThreadedAnvilChunkStorage (DIM1): All chunks are saved
[13:15:19] [Server thread/INFO]: ThreadedAnvilChunkStorage: All dimensions are saved
[13:15:19] [Server thread/INFO]: Waiting for all RegionFile I/O tasks to complete...
[13:15:19] [Server thread/INFO]: All RegionFile I/O tasks to complete
[13:15:19] [Server thread/INFO]: [MoonriseCommon] Awaiting termination of worker pool for up to 60s...
[13:15:19] [Server thread/INFO]: [MoonriseCommon] Awaiting termination of I/O pool for up to 60s...
